0
NaN
0.01
0.320441032
0.02
0.320441032
0.03
0.320441032
0.04
0.320593226
0.05
0.322454192
0.060000000000000005
0.323226615
0.07
0.320490672
0.08
0.32092171
0.09
0.319111799
0.09999999999999999
0.318443228
0.10999999999999999
0.31361099
0.11999999999999998
0.312813331
0.12999999999999998
0.312525908
0.13999999999999999
0.313882445
0.15
0.315761867
0.16
0.314142622
0.17
0.314653411
0.18000000000000002
0.314842549
0.19000000000000003
0.317977204
0.20000000000000004
0.322269224
0.21000000000000005
0.321590563
0.22000000000000006
0.321799913
0.23000000000000007
0.321024373
0.24000000000000007
0.3200382
0.25000000000000006
0.315770935
0.26000000000000006
0.315542999
0.2700000000000001
0.324938664
0.2800000000000001
0.321648997
0.2900000000000001
0.323558571
0.3000000000000001
0.318635061
0.3100000000000001
0.318640589
0.3200000000000001
0.31656131
0.3300000000000001
0.31656131
0.34000000000000014
0.318895728
0.35000000000000014
0.317795079
0.36000000000000015
0.3236343
0.37000000000000016
0.322221789
0.38000000000000017
0.315272676
0.3900000000000002
0.319006537
0.4000000000000002
0.313049005
0.4100000000000002
0.30845453
0.4200000000000002
0.306506178
0.4300000000000002
0.318346621
0.4400000000000002
0.316623224
0.45000000000000023
0.314425096
0.46000000000000024
0.311317684
0.47000000000000025
0.310261327
0.48000000000000026
0.308991181
0.49000000000000027
0.308011134
0.5000000000000002
0.288459357
0.5100000000000002
0.288459357
0.5200000000000002
0.287687648
0.5300000000000002
0.281428135
0.5400000000000003
0.285429737
0.5500000000000003
0.2765187
0.5600000000000003
0.277358326
0.5700000000000003
0.270813424
0.5800000000000003
0.270701646
0.5900000000000003
0.264312522
0.6000000000000003
0.24139803
0.6100000000000003
0.238811548
0.6200000000000003
0.253876296
0.6300000000000003
0.250438853
0.6400000000000003
0.243041913
0.6500000000000004
0.229404843
0.6600000000000004
0.234001918
0.6700000000000004
0.236053572
0.6800000000000004
0.236144105
0.6900000000000004
0.22779165
0.7000000000000004
0.202435155
0.7100000000000004
0.19182418
0.7200000000000004
0.181103753
0.7300000000000004
0.166243506
0.7400000000000004
0.196230906
0.7500000000000004
0.178925981
0.7600000000000005
0.186512576
0.7700000000000005
0.206423444
0.7800000000000005
0.190655779
0.7900000000000005
0.212246541
0.8000000000000005
0.181790246
0.8100000000000005
0.173002914
0.8200000000000005
0.159489646
0.8300000000000005
0.154339691
0.8400000000000005
0.154486532
0.8500000000000005
0.174947638
0.8600000000000005
0.180650723
0.8700000000000006
0.153352824
0.8800000000000006
0.138880653
0.8900000000000006
0.139420496
0.9000000000000006
0.148445732
0.9100000000000006
0.104773887
0.9200000000000006
0.094594616
0.9300000000000006
0.11438881
0.9400000000000006
0.085168921
0.9500000000000006
0.132746382
0.9600000000000006
0.113757273
0.9700000000000006
0.135684799
0.9800000000000006
0.135684799
0.9900000000000007
0.135684799
