0
0.310545971
0.01
0.3468532
0.02
0.3468532
0.03
0.3468532
0.04
0.346086507
0.05
0.348268493
0.060000000000000005
0.341216717
0.07
0.339489983
0.08
0.350065713
0.09
0.349725685
0.09999999999999999
0.352055488
0.10999999999999999
0.352830431
0.11999999999999998
0.350418239
0.12999999999999998
0.348024145
0.13999999999999999
0.345986267
0.15
0.343361527
0.16
0.341002197
0.17
0.340470646
0.18000000000000002
0.339327876
0.19000000000000003
0.336877476
0.20000000000000004
0.333030254
0.21000000000000005
0.332900186
0.22000000000000006
0.332152479
0.23000000000000007
0.331580537
0.24000000000000007
0.345352025
0.25000000000000006
0.343995695
0.26000000000000006
0.343871482
0.2700000000000001
0.343239359
0.2800000000000001
0.342352897
0.2900000000000001
0.338427524
0.3000000000000001
0.337561323
0.3100000000000001
0.33800311
0.3200000000000001
0.332742669
0.3300000000000001
0.332742669
0.34000000000000014
0.328017585
0.35000000000000014
0.327727819
0.36000000000000015
0.320322826
0.37000000000000016
0.320086038
0.38000000000000017
0.320049668
0.3900000000000002
0.31410681
0.4000000000000002
0.312576545
0.4100000000000002
0.31214433
0.4200000000000002
0.313027533
0.4300000000000002
0.308314254
0.4400000000000002
0.306819276
0.45000000000000023
0.307859155
0.46000000000000024
0.30736569
0.47000000000000025
0.30494486
0.48000000000000026
0.301650714
0.49000000000000027
0.301529561
0.5000000000000002
0.300584366
0.5100000000000002
0.300584366
0.5200000000000002
0.300769488
0.5300000000000002
0.29989044
0.5400000000000003
0.295117083
0.5500000000000003
0.294515272
0.5600000000000003
0.292712919
0.5700000000000003
0.292725419
0.5800000000000003
0.28487711
0.5900000000000003
0.282933221
0.6000000000000003
0.281227964
0.6100000000000003
0.280677217
0.6200000000000003
0.270437041
0.6300000000000003
0.262155237
0.6400000000000003
0.265203268
0.6500000000000004
0.263401201
0.6600000000000004
0.262850841
0.6700000000000004
0.274204959
0.6800000000000004
0.273215766
0.6900000000000004
0.262447154
0.7000000000000004
0.261788974
0.7100000000000004
0.261348815
0.7200000000000004
0.256284861
0.7300000000000004
0.254470464
0.7400000000000004
0.239121568
0.7500000000000004
0.227790806
0.7600000000000005
0.22276243
0.7700000000000005
0.218305078
0.7800000000000005
0.216378397
0.7900000000000005
0.208341024
0.8000000000000005
0.20435864
0.8100000000000005
0.206169914
0.8200000000000005
0.196672778
0.8300000000000005
0.192792104
0.8400000000000005
0.192193543
0.8500000000000005
0.161200916
0.8600000000000005
0.186572889
0.8700000000000006
0.179887206
0.8800000000000006
0.166002028
0.8900000000000006
0.148997226
0.9000000000000006
0.182749108
0.9100000000000006
0.179515442
0.9200000000000006
0.170547889
0.9300000000000006
0.149478615
0.9400000000000006
0.128373388
0.9500000000000006
0.164120756
0.9600000000000006
0.159572057
0.9700000000000006
0.154993794
0.9800000000000006
0.154993794
0.9900000000000007
0.154993794
