0
NaN
0.01
0.342921138
0.02
0.342921138
0.03
0.342921138
0.04
0.342527096
0.05
0.34600738
0.060000000000000005
0.350972874
0.07
0.351731887
0.08
0.353595052
0.09
0.352268777
0.09999999999999999
0.351396167
0.10999999999999999
0.348985343
0.11999999999999998
0.348096429
0.12999999999999998
0.345972456
0.13999999999999999
0.34856005
0.15
0.350893356
0.16
0.351259963
0.17
0.35168514
0.18000000000000002
0.353294797
0.19000000000000003
0.355108845
0.20000000000000004
0.358823119
0.21000000000000005
0.358029171
0.22000000000000006
0.357482672
0.23000000000000007
0.357042076
0.24000000000000007
0.355993771
0.25000000000000006
0.35301081
0.26000000000000006
0.352718715
0.2700000000000001
0.358843205
0.2800000000000001
0.357845363
0.2900000000000001
0.361076443
0.3000000000000001
0.357708673
0.3100000000000001
0.356873892
0.3200000000000001
0.354693989
0.3300000000000001
0.354693989
0.34000000000000014
0.354077358
0.35000000000000014
0.353271773
0.36000000000000015
0.356776326
0.37000000000000016
0.356583244
0.38000000000000017
0.352630736
0.3900000000000002
0.354168271
0.4000000000000002
0.349959163
0.4100000000000002
0.346452443
0.4200000000000002
0.343470115
0.4300000000000002
0.353024901
0.4400000000000002
0.35083566
0.45000000000000023
0.348451815
0.46000000000000024
0.347279673
0.47000000000000025
0.347932577
0.48000000000000026
0.347708878
0.49000000000000027
0.346587367
0.5000000000000002
0.33254621
0.5100000000000002
0.33254621
0.5200000000000002
0.332766852
0.5300000000000002
0.331104357
0.5400000000000003
0.334197488
0.5500000000000003
0.323084305
0.5600000000000003
0.323148589
0.5700000000000003
0.318866829
0.5800000000000003
0.317928891
0.5900000000000003
0.315066017
0.6000000000000003
0.292406014
0.6100000000000003
0.289168735
0.6200000000000003
0.300264799
0.6300000000000003
0.292556709
0.6400000000000003
0.288306934
0.6500000000000004
0.274886191
0.6600000000000004
0.279625362
0.6700000000000004
0.284503447
0.6800000000000004
0.284925412
0.6900000000000004
0.278179437
0.7000000000000004
0.256971847
0.7100000000000004
0.248719725
0.7200000000000004
0.238724529
0.7300000000000004
0.228292035
0.7400000000000004
0.249415793
0.7500000000000004
0.240360062
0.7600000000000005
0.245569916
0.7700000000000005
0.26247742
0.7800000000000005
0.247381066
0.7900000000000005
0.264585089
0.8000000000000005
0.239509328
0.8100000000000005
0.235532291
0.8200000000000005
0.223590047
0.8300000000000005
0.221173426
0.8400000000000005
0.221098239
0.8500000000000005
0.238442026
0.8600000000000005
0.245426272
0.8700000000000006
0.219266922
0.8800000000000006
0.209509519
0.8900000000000006
0.20841044
0.9000000000000006
0.215408239
0.9100000000000006
0.170999332
0.9200000000000006
0.163337558
0.9300000000000006
0.175608374
0.9400000000000006
0.15725807
0.9500000000000006
0.192139164
0.9600000000000006
0.173068734
0.9700000000000006
0.199996105
0.9800000000000006
0.199996105
0.9900000000000007
0.199996105
