0
NaN
0.01
0.351900957
0.02
0.351900957
0.03
0.351900957
0.04
0.351317831
0.05
0.354319552
0.060000000000000005
0.359999747
0.07
0.360138278
0.08
0.361446903
0.09
0.35970887
0.09999999999999999
0.358879635
0.10999999999999999
0.355147301
0.11999999999999998
0.353990135
0.12999999999999998
0.351917569
0.13999999999999999
0.354663819
0.15
0.356669498
0.16
0.356137031
0.17
0.356510835
0.18000000000000002
0.358409823
0.19000000000000003
0.360674684
0.20000000000000004
0.36432818
0.21000000000000005
0.363584618
0.22000000000000006
0.363155236
0.23000000000000007
0.362800042
0.24000000000000007
0.361350078
0.25000000000000006
0.358586532
0.26000000000000006
0.358252326
0.2700000000000001
0.364958243
0.2800000000000001
0.364040532
0.2900000000000001
0.367475063
0.3000000000000001
0.363317565
0.3100000000000001
0.36271524
0.3200000000000001
0.360947568
0.3300000000000001
0.360947568
0.34000000000000014
0.36136226
0.35000000000000014
0.360780865
0.36000000000000015
0.36467669
0.37000000000000016
0.364318263
0.38000000000000017
0.360476847
0.3900000000000002
0.362235718
0.4000000000000002
0.356695978
0.4100000000000002
0.352413972
0.4200000000000002
0.349885624
0.4300000000000002
0.35934808
0.4400000000000002
0.356953974
0.45000000000000023
0.354925694
0.46000000000000024
0.354104595
0.47000000000000025
0.35366632
0.48000000000000026
0.352626443
0.49000000000000027
0.351494366
0.5000000000000002
0.335825959
0.5100000000000002
0.335825959
0.5200000000000002
0.335941899
0.5300000000000002
0.33190639
0.5400000000000003
0.335630222
0.5500000000000003
0.324794871
0.5600000000000003
0.324643623
0.5700000000000003
0.319796244
0.5800000000000003
0.319502866
0.5900000000000003
0.315838375
0.6000000000000003
0.291785914
0.6100000000000003
0.288347277
0.6200000000000003
0.301909816
0.6300000000000003
0.2945115
0.6400000000000003
0.288132082
0.6500000000000004
0.274933118
0.6600000000000004
0.279485405
0.6700000000000004
0.284702677
0.6800000000000004
0.284292522
0.6900000000000004
0.276107295
0.7000000000000004
0.253281475
0.7100000000000004
0.244309944
0.7200000000000004
0.233490544
0.7300000000000004
0.22267763
0.7400000000000004
0.245976357
0.7500000000000004
0.234620062
0.7600000000000005
0.240634746
0.7700000000000005
0.257217579
0.7800000000000005
0.24037492
0.7900000000000005
0.257214911
0.8000000000000005
0.230538676
0.8100000000000005
0.226525254
0.8200000000000005
0.216039734
0.8300000000000005
0.213543594
0.8400000000000005
0.21367058
0.8500000000000005
0.230352108
0.8600000000000005
0.236736095
0.8700000000000006
0.209370288
0.8800000000000006
0.199249324
0.8900000000000006
0.198319159
0.9000000000000006
0.20551536
0.9100000000000006
0.15876873
0.9200000000000006
0.151047638
0.9300000000000006
0.164855745
0.9400000000000006
0.150078601
0.9500000000000006
0.188443258
0.9600000000000006
0.164190386
0.9700000000000006
0.188151825
0.9800000000000006
0.188151825
0.9900000000000007
0.188151825
