0
0
0.01
0.35198044028186076
0.02
0.35198044028186076
0.03
0.35198044028186076
0.04
0.35198677414690827
0.05
0.3580278389313669
0.060000000000000005
0.3650054845809597
0.07
0.36592609509380486
0.08
0.36878130155626626
0.09
0.3675863172567202
0.09999999999999999
0.3661770619875353
0.10999999999999999
0.36315379716867746
0.11999999999999998
0.36357994528173804
0.12999999999999998
0.3606790380450023
0.13999999999999999
0.3619667837243643
0.15
0.3635419786579635
0.16
0.3662193492895081
0.17
0.36669905937181424
0.18000000000000002
0.36695526576687143
0.19000000000000003
0.37136211002010594
0.20000000000000004
0.3774407085442395
0.21000000000000005
0.37698522839424325
0.22000000000000006
0.37649379532847305
0.23000000000000007
0.3745945808784026
0.24000000000000007
0.37287628639968107
0.25000000000000006
0.37120537712993723
0.26000000000000006
0.37070116620177274
0.2700000000000001
0.37433510512030804
0.2800000000000001
0.3737790365916796
0.2900000000000001
0.3771191308531295
0.3000000000000001
0.3743430987773197
0.3100000000000001
0.3735326471959759
0.3200000000000001
0.37575133634278673
0.3300000000000001
0.37575133634278673
0.34000000000000014
0.3754934287144745
0.35000000000000014
0.3754211728169976
0.36000000000000015
0.3769111766140199
0.37000000000000016
0.37627905339583445
0.38000000000000017
0.37241659749322326
0.3900000000000002
0.37168395409819194
0.4000000000000002
0.36903743123626775
0.4100000000000002
0.36612660413447473
0.4200000000000002
0.3617950764642382
0.4300000000000002
0.3753957481642381
0.4400000000000002
0.37497905719118146
0.45000000000000023
0.3728172708954454
0.46000000000000024
0.3739041850104198
0.47000000000000025
0.37366478983551593
0.48000000000000026
0.3753815706089156
0.49000000000000027
0.3745589958915103
0.5000000000000002
0.3649878268806872
0.5100000000000002
0.3649878268806872
0.5200000000000002
0.3659956694333809
0.5300000000000002
0.36672078324878593
0.5400000000000003
0.3684520578298656
0.5500000000000003
0.35974799899643695
0.5600000000000003
0.3610876910389116
0.5700000000000003
0.3598794221101203
0.5800000000000003
0.3623584080687358
0.5900000000000003
0.36062738191673427
0.6000000000000003
0.3487085389407827
0.6100000000000003
0.34548797914307017
0.6200000000000003
0.36292585350242756
0.6300000000000003
0.3612629691865157
0.6400000000000003
0.3627851565131446
0.6500000000000004
0.35378810179146
0.6600000000000004
0.35981258222705964
0.6700000000000004
0.3640516827500468
0.6800000000000004
0.36507325626093085
0.6900000000000004
0.3679706718432954
0.7000000000000004
0.3580986624968505
0.7100000000000004
0.3538882985677347
0.7200000000000004
0.346661364237021
0.7300000000000004
0.3411405142234822
0.7400000000000004
0.36327760455648767
0.7500000000000004
0.3716665296891737
0.7600000000000005
0.36989046634875405
0.7700000000000005
0.39175341945791725
0.7800000000000005
0.38079269827827583
0.7900000000000005
0.3916473312270563
0.8000000000000005
0.3768013161948976
0.8100000000000005
0.3785186572358153
0.8200000000000005
0.3672142206259887
0.8300000000000005
0.3707663628059964
0.8400000000000005
0.37591943920006304
0.8500000000000005
0.38785495736935927
0.8600000000000005
0.3845712366922359
0.8700000000000006
0.374119779295086
0.8800000000000006
0.37413725601921705
0.8900000000000006
0.3697545631543739
0.9000000000000006
0.3648430935094764
0.9100000000000006
0.3463224763984014
0.9200000000000006
0.33138019956967385
0.9300000000000006
0.3455436521729821
0.9400000000000006
0.364743138230842
0.9500000000000006
0.40230788294111963
0.9600000000000006
0.3622891087487899
0.9700000000000006
0.3784188995942189
0.9800000000000006
0.3784188995942189
0.9900000000000007
0.3784188995942189
