0
0.080178179
0.01
0.300628186
0.02
0.300628186
0.03
0.300628186
0.04
0.299798911
0.05
0.302503603
0.060000000000000005
0.295983464
0.07
0.294459136
0.08
0.308453671
0.09
0.307862284
0.09999999999999999
0.31064195
0.10999999999999999
0.311752221
0.11999999999999998
0.309409107
0.12999999999999998
0.306640657
0.13999999999999999
0.305325057
0.15
0.302732345
0.16
0.300750205
0.17
0.300245645
0.18000000000000002
0.299501018
0.19000000000000003
0.297478409
0.20000000000000004
0.293790631
0.21000000000000005
0.293655888
0.22000000000000006
0.292940176
0.23000000000000007
0.292468691
0.24000000000000007
0.31000972
0.25000000000000006
0.308332212
0.26000000000000006
0.30816323
0.2700000000000001
0.308878577
0.2800000000000001
0.308284183
0.2900000000000001
0.304768665
0.3000000000000001
0.303685752
0.3100000000000001
0.304339146
0.3200000000000001
0.299397974
0.3300000000000001
0.299397974
0.34000000000000014
0.295003547
0.35000000000000014
0.294728861
0.36000000000000015
0.287522309
0.37000000000000016
0.287620665
0.38000000000000017
0.287894245
0.3900000000000002
0.282004182
0.4000000000000002
0.279716861
0.4100000000000002
0.279099395
0.4200000000000002
0.280056629
0.4300000000000002
0.27601378
0.4400000000000002
0.274470067
0.45000000000000023
0.275631188
0.46000000000000024
0.274751888
0.47000000000000025
0.272882798
0.48000000000000026
0.269627313
0.49000000000000027
0.2693628
0.5000000000000002
0.267763554
0.5100000000000002
0.267763554
0.5200000000000002
0.267714252
0.5300000000000002
0.267291204
0.5400000000000003
0.263203429
0.5500000000000003
0.261682529
0.5600000000000003
0.260112229
0.5700000000000003
0.259724696
0.5800000000000003
0.252657355
0.5900000000000003
0.250375146
0.6000000000000003
0.247003819
0.6100000000000003
0.246275232
0.6200000000000003
0.236986135
0.6300000000000003
0.228206624
0.6400000000000003
0.232520683
0.6500000000000004
0.229926526
0.6600000000000004
0.230537044
0.6700000000000004
0.243405439
0.6800000000000004
0.242400526
0.6900000000000004
0.232015437
0.7000000000000004
0.228050025
0.7100000000000004
0.226515042
0.7200000000000004
0.221167178
0.7300000000000004
0.21845112
0.7400000000000004
0.20898485
0.7500000000000004
0.197106664
0.7600000000000005
0.192076815
0.7700000000000005
0.193051536
0.7800000000000005
0.189731222
0.7900000000000005
0.183417084
0.8000000000000005
0.177772286
0.8100000000000005
0.180357665
0.8200000000000005
0.171260064
0.8300000000000005
0.16725539
0.8400000000000005
0.16718355
0.8500000000000005
0.135135197
0.8600000000000005
0.164596535
0.8700000000000006
0.156664697
0.8800000000000006
0.142182605
0.8900000000000006
0.12684514
0.9000000000000006
0.166521135
0.9100000000000006
0.159192065
0.9200000000000006
0.150394623
0.9300000000000006
0.131638473
0.9400000000000006
0.111742233
0.9500000000000006
0.159519868
0.9600000000000006
0.151903153
0.9700000000000006
0.150683596
0.9800000000000006
0.150683596
0.9900000000000007
0.150683596
