0
NaN
0.01
0.379592093
0.02
0.379592093
0.03
0.379592093
0.04
0.379265443
0.05
0.382220837
0.060000000000000005
0.387222839
0.07
0.3868398
0.08
0.387864177
0.09
0.386537261
0.09999999999999999
0.386018872
0.10999999999999999
0.383817492
0.11999999999999998
0.383266416
0.12999999999999998
0.380152372
0.13999999999999999
0.382340527
0.15
0.38426412
0.16
0.384024629
0.17
0.382907501
0.18000000000000002
0.384770451
0.19000000000000003
0.386336773
0.20000000000000004
0.389465816
0.21000000000000005
0.388852715
0.22000000000000006
0.387954084
0.23000000000000007
0.386847847
0.24000000000000007
0.384127483
0.25000000000000006
0.381121733
0.26000000000000006
0.380852462
0.2700000000000001
0.387369758
0.2800000000000001
0.385846033
0.2900000000000001
0.388993303
0.3000000000000001
0.385103211
0.3100000000000001
0.3849859
0.3200000000000001
0.383307913
0.3300000000000001
0.383307913
0.34000000000000014
0.38290682
0.35000000000000014
0.382971624
0.36000000000000015
0.387496903
0.37000000000000016
0.386293475
0.38000000000000017
0.379960442
0.3900000000000002
0.382453837
0.4000000000000002
0.377933781
0.4100000000000002
0.374161381
0.4200000000000002
0.371327162
0.4300000000000002
0.381098535
0.4400000000000002
0.377970329
0.45000000000000023
0.375593448
0.46000000000000024
0.374844627
0.47000000000000025
0.373201136
0.48000000000000026
0.37112989
0.49000000000000027
0.369511478
0.5000000000000002
0.352095678
0.5100000000000002
0.352095678
0.5200000000000002
0.352299061
0.5300000000000002
0.350362501
0.5400000000000003
0.352682302
0.5500000000000003
0.341612306
0.5600000000000003
0.340546864
0.5700000000000003
0.333063646
0.5800000000000003
0.32913681
0.5900000000000003
0.325741936
0.6000000000000003
0.300231541
0.6100000000000003
0.29696336
0.6200000000000003
0.311615434
0.6300000000000003
0.304034456
0.6400000000000003
0.298774663
0.6500000000000004
0.283699408
0.6600000000000004
0.287314701
0.6700000000000004
0.289283611
0.6800000000000004
0.289301057
0.6900000000000004
0.282746341
0.7000000000000004
0.259934984
0.7100000000000004
0.252608344
0.7200000000000004
0.242471146
0.7300000000000004
0.233762895
0.7400000000000004
0.255496458
0.7500000000000004
0.245674375
0.7600000000000005
0.251950877
0.7700000000000005
0.269234944
0.7800000000000005
0.254608604
0.7900000000000005
0.272628012
0.8000000000000005
0.243968195
0.8100000000000005
0.238760328
0.8200000000000005
0.227528349
0.8300000000000005
0.225372991
0.8400000000000005
0.226130217
0.8500000000000005
0.246211297
0.8600000000000005
0.252412051
0.8700000000000006
0.224718501
0.8800000000000006
0.212317545
0.8900000000000006
0.203811038
0.9000000000000006
0.210999629
0.9100000000000006
0.166545141
0.9200000000000006
0.158076175
0.9300000000000006
0.173325906
0.9400000000000006
0.159490491
0.9500000000000006
0.196151612
0.9600000000000006
0.179828849
0.9700000000000006
0.199089792
0.9800000000000006
0.199089792
0.9900000000000007
0.199089792
