0
0
0.01
0.33215137218931595
0.02
0.33215137218931595
0.03
0.33215137218931595
0.04
0.33289318291903697
0.05
0.3400282410513536
0.060000000000000005
0.3472813952411385
0.07
0.3474931959311322
0.08
0.34897485459221383
0.09
0.3481936325439385
0.09999999999999999
0.3483367856230844
0.10999999999999999
0.3458438830898444
0.11999999999999998
0.34515496413936403
0.12999999999999998
0.3435452480816656
0.13999999999999999
0.34436763813249915
0.15
0.3459344836294379
0.16
0.3478062152458335
0.17
0.3473822712995416
0.18000000000000002
0.34839591498054956
0.19000000000000003
0.35221463626353144
0.20000000000000004
0.3575935614127205
0.21000000000000005
0.3571169504681644
0.22000000000000006
0.3552860861053122
0.23000000000000007
0.3531801671104048
0.24000000000000007
0.3497407014791402
0.25000000000000006
0.3474799597945906
0.26000000000000006
0.3470663256221488
0.2700000000000001
0.3500706759385739
0.2800000000000001
0.34855215601342354
0.2900000000000001
0.3524086899801629
0.3000000000000001
0.3501509819787772
0.3100000000000001
0.35014437916157026
0.3200000000000001
0.35088009458590513
0.3300000000000001
0.35088009458590513
0.34000000000000014
0.3475604745142785
0.35000000000000014
0.34847463643713766
0.36000000000000015
0.3517548297598031
0.37000000000000016
0.3502453786951916
0.38000000000000017
0.34570226762979034
0.3900000000000002
0.34741362659142966
0.4000000000000002
0.3441197113463714
0.4100000000000002
0.3409008923901372
0.4200000000000002
0.3369331464988954
0.4300000000000002
0.3506728893801105
0.4400000000000002
0.3501069082782661
0.45000000000000023
0.34848779770960153
0.46000000000000024
0.34991191312352576
0.47000000000000025
0.3489714432703773
0.48000000000000026
0.35149999896943035
0.49000000000000027
0.35008573395276876
0.5000000000000002
0.34118295794891784
0.5100000000000002
0.34118295794891784
0.5200000000000002
0.3424399231031349
0.5300000000000002
0.34353700633019657
0.5400000000000003
0.3454087551987166
0.5500000000000003
0.33759909504540603
0.5600000000000003
0.338386867994093
0.5700000000000003
0.3350473316105679
0.5800000000000003
0.3360055544362104
0.5900000000000003
0.33506381543295316
0.6000000000000003
0.3224222591278794
0.6100000000000003
0.31911381152950974
0.6200000000000003
0.3371693747110605
0.6300000000000003
0.3352946172758543
0.6400000000000003
0.3367928048805527
0.6500000000000004
0.3257526941534308
0.6600000000000004
0.33031137711046077
0.6700000000000004
0.33426998396722646
0.6800000000000004
0.3352820549932808
0.6900000000000004
0.3398073620854667
0.7000000000000004
0.3297798025045646
0.7100000000000004
0.3273415558477092
0.7200000000000004
0.32082610248205085
0.7300000000000004
0.31777908354508966
0.7400000000000004
0.34246741181364887
0.7500000000000004
0.34863566451315275
0.7600000000000005
0.347083421523818
0.7700000000000005
0.3704666005293282
0.7800000000000005
0.35798556111149454
0.7900000000000005
0.3694971168466334
0.8000000000000005
0.351026449204729
0.8100000000000005
0.35246228497866106
0.8200000000000005
0.34250417461804483
0.8300000000000005
0.3462858496579922
0.8400000000000005
0.34999327167346544
0.8500000000000005
0.3606074348758045
0.8600000000000005
0.35811571361311767
0.8700000000000006
0.3472472163038447
0.8800000000000006
0.3505976775620273
0.8900000000000006
0.3455637976557314
0.9000000000000006
0.3482364898892952
0.9100000000000006
0.32770700833715644
0.9200000000000006
0.3117824795898491
0.9300000000000006
0.32277885233461373
0.9400000000000006
0.3400860316973137
0.9500000000000006
0.37300221428266733
0.9600000000000006
0.3397650861173144
0.9700000000000006
0.3539894877035093
0.9800000000000006
0.3539894877035093
0.9900000000000007
0.3539894877035093
