kevinyz2@illinois.edu
0.08787346221441125
sukritp2@illinois.edu
0.05547850208044383
jsopkin2@illinois.edu
0.006958942240779402
vsriram3@illinois.edu
0.022321428571428572
yifan12@illinois.edu
0.0949367088607595
tbaer2@illinois.edu
0
hlwang3@illinois.edu
0.07984031936127745
alexfy2@illinois.edu
0.07317073170731707
anooph2@illinois.edu
0.015220700152207
oscocos2@illinois.edu
0.07317073170731707
zihanx3@illinois.edu
0.24475524475524477
anshuls3@illinois.edu
0.11705685618729098
hyosang2@illinois.edu
0.10263929618768329
enuken2@illinois.edu
0.025
provine2@illinois.edu
0
aneeshl2@illinois.edu
0.16260162601626016
txwei2@illinois.edu
0
jzhu74@illinois.edu
0.01037344398340249
rrathee2@illinois.edu
0.7619047619047619
kevinkw3@illinois.edu
0.01913265306122449
yuy4@illinois.edu
0.41237113402061853
chenyu5@illinois.edu
0.10355029585798817
tps7@illinois.edu
0.07393715341959335
jfranke3@illinois.edu
0.851063829787234
xinyu6@illinois.edu
0.08044554455445545
yiqiz2@illinois.edu
0.04905395935529082
davidah3@illinois.edu
0.06437768240343347
ahmadid2@illinois.edu
0.04178272980501393
longjil2@illinois.edu
0.4166666666666667
zizhanx2@illinois.edu
0.024777006937561942
yifeil6@illinois.edu
0.19851116625310175
ruining5@illinois.edu
0.04132231404958678
ldowell2@illinois.edu
0.0931098696461825
fgoyal2@illinois.edu
0.11467889908256881
jmdrews2@illinois.edu
0.24064171122994651
mheflin2@illinois.edu
0.07743362831858407
lrendo3@illinois.edu
0.1179245283018868
chengyi3@illinois.edu
0.014367816091954023
zl36@illinois.edu
0.02976190476190476
abahel2@illinois.edu
0
byhsieh2@illinois.edu
0.3225806451612903
dkr2@illinois.edu
0.011990407673860911
nhusin2@illinois.edu
0.1301518438177874
aaronaa2@illinois.edu
1.2857142857142858
aamado21@illinois.edu
0.029394473838918283
jizej2@illinois.edu
0.20522388059701493
hshen14@illinois.edu
0.47297297297297297
jiming2@illinois.edu
0.0673854447439353
ahl3@illinois.edu
0.10526315789473684
dsauce5@illinois.edu
0.2033898305084746
dmulye2@illinois.edu
0.1694915254237288
dlg2@illinois.edu
0.07518796992481203
angl2@illinois.edu
0.2413793103448276
noa2@illinois.edu
0.5172413793103449
sjwang3@illinois.edu
0.1984126984126984
seanmk2@illinois.edu
0.09502923976608187
seanmc4@illinois.edu
0.0200133422281521
yiyangl7@illinois.edu
0.042095416276894296
jiaxili3@illinois.edu
0.08090614886731391
jiusili2@illinois.edu
0.17738359201773837
lengels2@illinois.edu
0.07317073170731707
sjayan3@illinois.edu
0.1059322033898305
yuwan4@illinois.edu
0.19390581717451524
pmw2@illinois.edu
0.07462686567164178
navyaas2@illinois.edu
0.035211267605633804
jacobrs4@illinois.edu
0.12008733624454149
johnkz2@illinois.edu
0.03227107704719645
ashen6@illinois.edu
0.012437810945273632
rahulk4@illinois.edu
0.030120481927710843
ttl2@illinois.edu
0.2247191011235955
vghai2@illinois.edu
0
zheli5@illinois.edu
0
yuxinw5@illinois.edu
0
laurenh4@illinois.edu
0.09287925696594428
jasonhu3@illinois.edu
0
stacymz2@illinois.edu
0.057971014492753624
lpf2@illinois.edu
0
jiaxiy2@illinois.edu
0.0734094616639478
medelis2@illinois.edu
0.03673094582185491
kevinz2@illinois.edu
0.0398406374501992
davidx2@illinois.edu
0.0982532751091703
majee2@illinois.edu
0.029469548133595286
sk37@illinois.edu
0.035629453681710214
mwangel2@illinois.edu
0.23102310231023102
mbafna2@illinois.edu
0
shuweih2@illinois.edu
0.16209476309226933
yp9@illinois.edu
0.09316770186335403
ahchao3@illinois.edu
0.0970873786407767
usb2@illinois.edu
0
mrprice3@illinois.edu
0.01072961373390558
sennanc2@illinois.edu
0.3065134099616858
jbao8@illinois.edu
0
dspatz2@illinois.edu
0.5797101449275363
yichen11@illinois.edu
0.029154518950437316
yinganw2@illinois.edu
0.03184713375796178
evelynk2@illinois.edu
0.0728862973760933
colegp2@illinois.edu
0.12
bonianp2@illinois.edu
0.09230769230769231
lm12@illinois.edu
0.18433179723502305
mvazqu57@illinois.edu
0.022435897435897436
sgao24@illinois.edu
0.07371007371007371
shaoxue2@illinois.edu
0.36885245901639346
bm12@illinois.edu
0.03215434083601286
mpf3@illinois.edu
0
jaeeunl2@illinois.edu
0.20754716981132076
arulvel2@illinois.edu
0.01299545159194282
rajees2@illinois.edu
0.037815126050420166
tobyzl2@illinois.edu
0.042662116040955635
jayhp2@illinois.edu
0.0715307582260372
blairtw2@illinois.edu
0.07430997876857749
iwarren2@illinois.edu
0.28776978417266186
dhruv3@illinois.edu
0.09009009009009009
azizs2@illinois.edu
0.0624512099921936
isanaka2@illinois.edu
0.04797441364605544
kathy2@illinois.edu
0.025830258302583026
ebhamel2@illinois.edu
0.06016847172081829
grantlg2@illinois.edu
0.05747126436781609
qm4@illinois.edu
0.047372954349698536
pfliu2@illinois.edu
0.07518796992481203
zjamil2@illinois.edu
0.014044943820224719
haoweis2@illinois.edu
0
ameyaps2@illinois.edu
0.05403158769742311
jc27@illinois.edu
0.15873015873015872
mamn2@illinois.edu
0.06904487917146145
jakobsa2@illinois.edu
0.12578616352201258
wnawor2@illinois.edu
0.12987012987012986
srf3@illinois.edu
0.03128258602711158
aayalur3@illinois.edu
0.056962025316455694
nikhilr5@illinois.edu
0.06837606837606838
cy21@illinois.edu
0.25280898876404495
gka2@illinois.edu
0.023674242424242424
ktu3@illinois.edu
0.4972375690607735
jiangge2@illinois.edu
0.25
jmoh3@illinois.edu
0.06756756756756757
jamesn2@illinois.edu
0.07097791798107256
zl5@illinois.edu
0.05798394290811775
jyoon54@illinois.edu
0.3157894736842105
jinyang6@illinois.edu
0
cechiu2@illinois.edu
0.07017543859649122
peterc3@illinois.edu
0.07566204287515763
tylertw2@illinois.edu
0.016474464579901153
vishnuc2@illinois.edu
0.08575197889182058
cjrosas2@illinois.edu
0.14563106796116504
tw5@illinois.edu
0.02288329519450801
slim64@illinois.edu
0.027586206896551724
mbma3@illinois.edu
0.06602641056422569
adityak7@illinois.edu
0.07042253521126761
kaki2@illinois.edu
0.08814102564102565
imaki2@illinois.edu
0.08093525179856115
esu3@illinois.edu
0.033632286995515695
bsutter2@illinois.edu
0.04807692307692308
jiayuz4@illinois.edu
0
annaz2@illinois.edu
0.016087516087516088
hsharma2@illinois.edu
0.11265164644714037
sohailk2@illinois.edu
0.14827018121911037
danqil2@illinois.edu
0.09719222462203024
sshah273@illinois.edu
0.006006006006006006
knocon2@illinois.edu
0.28
djang21@illinois.edu
0.03836317135549872
emmayu2@illinois.edu
0.046343975283213185
changs5@illinois.edu
0.11441647597254005
kylegm3@illinois.edu
0.02127659574468085
avt3@illinois.edu
0.1171875
pkim62@illinois.edu
0.09216589861751152
svc3@illinois.edu
0.031880977683315624
xingdal2@illinois.edu
0.05847953216374269
medhap3@illinois.edu
0.04826254826254826
shuaiw4@illinois.edu
0.12084592145015106
merritt9@illinois.edu
0.07512520868113523
tdkim3@illinois.edu
0
josephi4@illinois.edu
0.051305970149253734
dawidjk2@illinois.edu
0.03714710252600297
pola2@illinois.edu
0.013404825737265416
aschari2@illinois.edu
0.09598603839441536
mgachi2@illinois.edu
0.0642123287671233
meganw4@illinois.edu
0.08483563096500531
esotos3@illinois.edu
0.037037037037037035
ccyuan2@illinois.edu
0.12012012012012012
ddahiya3@illinois.edu
0.06298449612403101
skagawa2@illinois.edu
0.0625
ctm6@illinois.edu
0.05042016806722689
thr2@illinois.edu
0.06218905472636816
yr5@illinois.edu
0.08771929824561403
braxton3@illinois.edu
0.36764705882352944
amorain2@illinois.edu
0.07782101167315175
rgli2@illinois.edu
0.00922509225092251
cmahesh2@illinois.edu
2
ntsmith2@illinois.edu
0.11188811188811189
wyma2@illinois.edu
0.5612244897959183
colbyyh2@illinois.edu
0.017241379310344827
chkull2@illinois.edu
1.5254237288135593
mwong45@illinois.edu
0.10075566750629723
bva2@illinois.edu
0.13598326359832635
nitishn2@illinois.edu
0.08944543828264759
harshaa2@illinois.edu
0.06289308176100629
bbhatia2@illinois.edu
0.0784313725490196
yinmeng2@illinois.edu
0.06302521008403361
wra3@illinois.edu
0
nathank3@illinois.edu
0.08101851851851852
zuoheng2@illinois.edu
0.2631578947368421
mg12@illinois.edu
0
ravidp2@illinois.edu
0.023752969121140142
payalda2@illinois.edu
0.06596306068601583
chanmin2@illinois.edu
0.057034220532319393
dyliu3@illinois.edu
0.07801418439716312
imdesai2@illinois.edu
0.07407407407407407
xinyupi2@illinois.edu
0
blr3@illinois.edu
0.013605442176870748
taeingu2@illinois.edu
0.21978021978021978
natasha5@illinois.edu
0.5629139072847682
as43@illinois.edu
0.06351039260969978
dpopat2@illinois.edu
0.6862745098039216
arunks2@illinois.edu
0.07853403141361257
wenhaoz2@illinois.edu
0.06683375104427736
dingsen2@illinois.edu
0.03765060240963856
edsegal2@illinois.edu
0
dayuyao2@illinois.edu
0.06369426751592357
zheyu3@illinois.edu
0.1791530944625407
jianiw2@illinois.edu
0.072992700729927
roneall2@illinois.edu
0.4819277108433735
myc2@illinois.edu
0.13404825737265416
ngb3@illinois.edu
0.5238095238095238
zhleong2@illinois.edu
0.05246589716684155
wentaoy3@illinois.edu
0.011574074074074073
wensong2@illinois.edu
0.09293680297397769
haibog2@illinois.edu
0.041254125412541254
jhson2@illinois.edu
0.07847533632286996
tseng16@illinois.edu
0.09259259259259259
houlih2@illinois.edu
0.058823529411764705
yundong2@illinois.edu
0.16632016632016633
tleung9@illinois.edu
0.30120481927710846
wquan3@illinois.edu
0.004629629629629629
ymui4@illinois.edu
0.043227665706051875
yuxi2@illinois.edu
0.13513513513513514
siyuanw5@illinois.edu
0.10204081632653061
wl13@illinois.edu
0.052576235541535225
weikeng2@illinois.edu
0.037243947858473
zaitian3@illinois.edu
0
conti3@illinois.edu
0.043010752688172046
calani5@illinois.edu
0.047505938242280284
sixianl2@illinois.edu
0.10321100917431193
haol4@illinois.edu
0.20477815699658702
hozone2@illinois.edu
0
asadik3@illinois.edu
0.13043478260869565
smantri2@illinois.edu
0.032679738562091505
jasonav3@illinois.edu
0.1643192488262911
dlim31@illinois.edu
0.05368098159509203
tthakur2@illinois.edu
0.1282051282051282
sl59@illinois.edu
0.10815307820299501
vsekhar2@illinois.edu
0.021413276231263382
msli2@illinois.edu
0.13059701492537312
gding3@illinois.edu
0.9473684210526315
ttumba2@illinois.edu
0.1095890410958904
sabelle2@illinois.edu
0.12552301255230125
atan27@illinois.edu
0.2077922077922078
linhuix2@illinois.edu
0.043591979075850044
mgchen3@illinois.edu
0.052562417871222074
jingzeh2@illinois.edu
0.024509803921568627
weishen4@illinois.edu
0.3503184713375796
jaho2@illinois.edu
0.07430997876857749
akhilsb2@illinois.edu
0.0546448087431694
hwteng2@illinois.edu
0.027855153203342618
hc8@illinois.edu
0
ktzeng2@illinois.edu
0
rosed2@illinois.edu
0.09080590238365494
jw39@illinois.edu
0.11904761904761904
omh2@illinois.edu
0.039936102236421724
gjung10@illinois.edu
0.14184397163120568
litzyb2@illinois.edu
0.14084507042253522
iang2@illinois.edu
0
reschke3@illinois.edu
0.08816120906801007
yuranw3@illinois.edu
0.06307339449541284
nanyiry2@illinois.edu
0.030959752321981424
xjh2@illinois.edu
0.06234413965087282
wentaol2@illinois.edu
0.04660452729693742
leoel2@illinois.edu
0.11056511056511056
tcarver3@illinois.edu
0.1971326164874552
tianyum2@illinois.edu
0.016025641025641024
zy17@illinois.edu
0.10101010101010101
karanam3@illinois.edu
0.15037593984962405
gekail2@illinois.edu
0.03484320557491289
bguliz2@illinois.edu
0
afei3@illinois.edu
0.06263048016701461
sauda2@illinois.edu
0.08528784648187633
mshi17@illinois.edu
0.066006600660066
ali50@illinois.edu
0.04716981132075472
leahjm2@illinois.edu
0
mmuthe2@illinois.edu
0.10022271714922049
cd13@illinois.edu
0.08211678832116788
rbalaji3@illinois.edu
0.12861736334405144
savitab2@illinois.edu
0.270935960591133
andil2@illinois.edu
0.16901408450704225
sdesai51@illinois.edu
0.09554140127388536
stevenl5@illinois.edu
0.0446927374301676
rto2@illinois.edu
0
lf4@illinois.edu
0
peiyic2@illinois.edu
0
grodri41@illinois.edu
0.07898894154818326
weiluo6@illinois.edu
0.1147227533460803
wsiddi6@illinois.edu
0.16819571865443425
salqad3@illinois.edu
0
nks5@illinois.edu
0.13377926421404682
ychan43@illinois.edu
0.17475728155339806
kellyt2@illinois.edu
0
qfang4@illinois.edu
0.056657223796033995
ttn4@illinois.edu
0
aryaman4@illinois.edu
11.11111111111111
avarnaj@illinois.edu
0.23504273504273504
mkozia4@illinois.edu
0.14672686230248308
bbrasch2@illinois.edu
0.06198347107438017
ecasta9@illinois.edu
0.11049723756906077
ryanp4@illinois.edu
0.04221635883905013
ssashi2@illinois.edu
0.11661807580174927
chens3@illinois.edu
0.03128911138923655
zanh2@illinois.edu
0.011312217194570135
dl16@illinois.edu
0
navint2@illinois.edu
0.12396694214876033
areza5@illinois.edu
0.22357723577235772
yutaroi2@illinois.edu
0.08005822416302766
ajchung3@illinois.edu
0.05865102639296188
grantc2@illinois.edu
0.030737704918032786
ayu24@illinois.edu
0.10822510822510822
evera5@illinois.edu
0
sshin51@illinois.edu
0.05506607929515418
clopez94@illinois.edu
0.011890606420927468
sghanta2@illinois.edu
0.13850415512465375
rdembi2@illinois.edu
0.02342834830144475
rkp3@illinois.edu
0.13245033112582782
rthakk20@illinois.edu
0.35714285714285715
adai20@illinois.edu
1.8181818181818181
tungmd2@illinois.edu
0.24429967426710097
sdhage2@illinois.edu
0.06925207756232687
junhaoz3@illinois.edu
0.13377926421404682
anagnos3@illinois.edu
0
qc15@illinois.edu
0.3292181069958848
piracha2@illinois.edu
0.06756756756756757
kz8@illinois.edu
0.12704174228675136
yiningl6@illinois.edu
0.08814102564102565
qianfan2@illinois.edu
0.08017492711370262
kpate325@illinois.edu
0.07655502392344497
akarshv2@illinois.edu
0.18272425249169436
minhaoj2@illinois.edu
0.041766109785202864
trishul2@illinois.edu
0.13719512195121952
nstojk2@illinois.edu
0.2403846153846154
smarakp2@illinois.edu
0.18292682926829268
nedurkin@illinois.edu
0.08064516129032258
cmaroju2@illinois.edu
0.07847533632286996
jamesw7@illinois.edu
0.3825136612021858
bfurman2@illinois.edu
0.06590509666080843
alizama2@illinois.edu
0.008264462809917356
jsheng6@illinois.edu
0.05223880597014925
vsomani3@illinois.edu
0.07246376811594203
kushg2@illinois.edu
0.030012004801920768
zl42@illinois.edu
0.1347305389221557
tianyiw5@illinois.edu
0.10810810810810811
yilins3@illinois.edu
0.12987012987012986
mianli2@illinois.edu
0
runqixu2@illinois.edu
0.12048192771084337
lu69@illinois.edu
0.06125574272588055
jdoo2@illinois.edu
0.2619047619047619
cl37@illinois.edu
0.01757469244288225
yunfeim2@illinois.edu
0.16826923076923078
wwoo6@illinois.edu
0.10245901639344263
jfricks2@illinois.edu
0
acasta28@illinois.edu
0
vivekg2@illinois.edu
0.5882352941176471
kappala2@illinois.edu
0.16853932584269662
aeswara2@illinois.edu
0.15337423312883436
romanov2@illinois.edu
0
noahjf2@illinois.edu
0.18867924528301888
ipsitap2@illinois.edu
0.178117048346056
ajaymt2@illinois.edu
0.10695187165775401
akashk2@illinois.edu
0.06220839813374806
mthatt2@illinois.edu
0.02865329512893983
ckher2@illinois.edu
0.025884383088869714
tolomeo3@illinois.edu
0
angiesc2@illinois.edu
0.016233766233766232
nikitaa4@illinois.edu
0.011723329425556858
esofov2@illinois.edu
0.19313304721030042
spate440@illinois.edu
0.1388888888888889
hanzhiy2@illinois.edu
0
edchang2@illinois.edu
0.05188067444876784
hlee301@illinois.edu
0.04664179104477612
linz4@illinois.edu
0.0125
borzhko2@illinois.edu
0.1056338028169014
bhardin3@illinois.edu
0.11933174224343675
rclark27@illinois.edu
0
kwok10@illinois.edu
0.13513513513513514
lmou2@illinois.edu
0.8888888888888888
zhou109@illinois.edu
0.015082956259426848
ruishi4@illinois.edu
0.16393442622950818
nhadi3@illinois.edu
0.12567324955116696
wolford4@illinois.edu
0
dmb5@illinois.edu
0.022650056625141562
rosak2@illinois.edu
0.02145922746781116
lc11@illinois.edu
0.16666666666666666
mukundm2@illinois.edu
0.17857142857142858
yulins2@illinois.edu
0.03636363636363636
hanw5@illinois.edu
0.15267175572519084
gaf3@illinois.edu
0.01913613996719519
aryany2@illinois.edu
0.03765060240963856
neelima2@illinois.edu
0.23076923076923078
jinfanh2@illinois.edu
0.19230769230769232
anewma9@illinois.edu
0.11727078891257996
mcswain3@illinois.edu
0.047619047619047616
yy15@illinois.edu
0.13761467889908258
haitong2@illinois.edu
0.25806451612903225
nithinr2@illinois.edu
0.046875
jacobcj2@illinois.edu
0.3804347826086957
am31@illinois.edu
0.03389830508474576
lyang58@illinois.edu
0
nehals2@illinois.edu
0
aryaman5@illinois.edu
0.06321839080459771
mardyla3@illinois.edu
0.0684931506849315
apark63@illinois.edu
0.3482587064676617
vidushi3@illinois.edu
0.017391304347826087
alishar2@illinois.edu
0.09259259259259259
ericm4@illinois.edu
0.049019607843137254
hhkim6@illinois.edu
0.10989010989010989
jinghan8@illinois.edu
0.03058103975535168
xiaodiw2@illinois.edu
0.29411764705882354
nprate2@illinois.edu
0.034482758620689655
aimens2@illinois.edu
0.2857142857142857
sharanr2@illinois.edu
0.1941747572815534
ajayn2@illinois.edu
0.02707581227436823
aahmed70@illinois.edu
0.15486725663716813
isaiahd2@illinois.edu
0.12562814070351758
emmas6@illinois.edu
0
ydhoot2@illinois.edu
0.1436265709156194
tkaron2@illinois.edu
0.7843137254901961
yuanfei2@illinois.edu
0.7920792079207921
by7@illinois.edu
0.313588850174216
xingyuq2@illinois.edu
0.16666666666666666
minocha2@illinois.edu
0.11990407673860912
vsuresh4@illinois.edu
0.08356545961002786
rls7@illinois.edu
0.04711425206124853
mjong3@illinois.edu
0.2564102564102564
diego2@illinois.edu
0.07352941176470588
lyuji2@illinois.edu
0.17509727626459143
covanc2@illinois.edu
0.9090909090909091
ccasti30@illinois.edu
0.09523809523809523
zyao13@illinois.edu
3.5294117647058822
rvudaru2@illinois.edu
0.2956989247311828
zhamilto@illinois.edu
0
hbagla2@illinois.edu
0
ryanjs4@illinois.edu
2.857142857142857
jasneet2@illinois.edu
0.03205128205128205
chenyuf2@illinois.edu
0.23809523809523808
haofeix2@illinois.edu
0.07633587786259542
vivekb2@illinois.edu
0.010660980810234541
szhou61@illinois.edu
1.0714285714285714
anarain4@illinois.edu
0.3973509933774834
aqin2@illinois.edu
0.0888529886914378
grosman2@illinois.edu
0.5228758169934641
saquil2@illinois.edu
0.2559055118110236
xiaoye2@illinois.edu
0
pinsky3@illinois.edu
0.07760532150776053
wjguo2@illinois.edu
0
zhicong4@illinois.edu
0.29850746268656714
nsharm40@illinois.edu
0.3488372093023256
bowenc4@illinois.edu
0.16279069767441862
sputcha2@illinois.edu
0.21739130434782608
gmokha2@illinois.edu
0
npoddar2@illinois.edu
0.007451564828614009
xw26@illinois.edu
0.03284072249589491
jasonx3@illinois.edu
1.320754716981132
mjchou2@illinois.edu
0.04950495049504951
dhruvvp2@illinois.edu
0.23668639053254437
jordyna3@illinois.edu
0.13157894736842105
rubends2@illinois.edu
0.03128258602711158
tinak2@illinois.edu
1.8571428571428572
amanp2@illinois.edu
0.0211864406779661
mohanty6@illinois.edu
0.12931034482758622
jqschmi2@illinois.edu
0.017793594306049824
nikhilg4@illinois.edu
0.0984251968503937
sksahu2@illinois.edu
4.444444444444445
saumyaa2@illinois.edu
0.21008403361344538
gyorda2@illinois.edu
0.08389261744966443
amodhv2@illinois.edu
0.6338028169014085
zat3@illinois.edu
0.23529411764705882
atta2@illinois.edu
0.14285714285714285
rishiw2@illinois.edu
0.25951557093425603
justint4@illinois.edu
0.09724473257698542
sw20@illinois.edu
0.28112449799196787
ma62@illinois.edu
0.25
arafol2@illinois.edu
0.06896551724137931
ading6@illinois.edu
0.006702412868632708
prajnak2@illinois.edu
0
zshan2@illinois.edu
0
sahme44@illinois.edu
0.16597510373443983
noquen2@illinois.edu
0.24509803921568626
jba3@illinois.edu
0.20270270270270271
sussman5@illinois.edu
0.2898550724637681
liwenc2@illinois.edu
0
ryuan5@illinois.edu
0.6172839506172839
jacobhb2@illinois.edu
0.38961038961038963
haig2@illinois.edu
0.10050251256281408
seanws2@illinois.edu
0.12953367875647667
huolinz2@illinois.edu
1.7241379310344827
mylesg2@illinois.edu
0
apate402@illinois.edu
0.3157894736842105
akhilrj2@illinois.edu
0.07964601769911504
bj9@illinois.edu
0.08298755186721991
ajoerge2@illinois.edu
1.3513513513513513
qlm2@illinois.edu
0.8208955223880597
vb10@illinois.edu
1.8604651162790697
wasayms2@illinois.edu
0.36496350364963503
zeyu2@illinois.edu
0.12903225806451613
xisheng3@illinois.edu
0
hristov3@illinois.edu
0.06779661016949153
fmahmed2@illinois.edu
0.022727272727272728
jdferna2@illinois.edu
0.06493506493506493
aflawal2@illinois.edu
0.8771929824561403
enjolit2@illinois.edu
0
mingwei6@illinois.edu
0.7758620689655172
jaredjl2@illinois.edu
0.36764705882352944
kaikaiy2@illinois.edu
0.21739130434782608
haoyum2@illinois.edu
0.38461538461538464
awkim2@illinois.edu
0.7291666666666666
rao23@illinois.edu
0.15873015873015872
kg13@illinois.edu
0.5952380952380952
adamac2@illinois.edu
0.14705882352941177
nbobber2@illinois.edu
0.0641025641025641
wlin40@illinois.edu
0.05952380952380952
almanza3@illinois.edu
0
jaewook4@illinois.edu
1.2857142857142858
rms6@illinois.edu
0.11538461538461539
