seanmc4@illinois.edu
0.3651685393258427
aneeshl2@illinois.edu
0.5625
vsuresh4@illinois.edu
2.6315789473684212
jaeeunl2@illinois.edu
1.7307692307692308
nhusin2@illinois.edu
1.5789473684210527
litzyb2@illinois.edu
0.8
oscocos2@illinois.edu
0.9375
angl2@illinois.edu
1.5517241379310345
rgli2@illinois.edu
1.7543859649122806
danqil2@illinois.edu
0.7936507936507936
nathank3@illinois.edu
0.8333333333333334
ktzeng2@illinois.edu
0.28846153846153844
grantlg2@illinois.edu
1.4705882352941178
amorain2@illinois.edu
0.6493506493506493
jizej2@illinois.edu
2.3684210526315788
svc3@illinois.edu
1.0833333333333333
mshi17@illinois.edu
1.836734693877551
rkp3@illinois.edu
0.7518796992481203
ktu3@illinois.edu
3.2142857142857144
xingyuq2@illinois.edu
0.625
gka2@illinois.edu
0.46511627906976744
yr5@illinois.edu
1.5151515151515151
xinyu6@illinois.edu
0.5521472392638037
zl36@illinois.edu
0.7692307692307693
yinganw2@illinois.edu
0.684931506849315
chens3@illinois.edu
0.34615384615384615
iwarren2@illinois.edu
1.40625
ahl3@illinois.edu
1.056910569105691
dkr2@illinois.edu
0.5960264900662252
yuanfei2@illinois.edu
2
mheflin2@illinois.edu
1.0714285714285714
jiaxili3@illinois.edu
6.428571428571429
ttl2@illinois.edu
1.8
rrathee2@illinois.edu
2
yifeil6@illinois.edu
1.125
dawidjk2@illinois.edu
0.9345794392523364
xinyupi2@illinois.edu
15
zy17@illinois.edu
0.5617977528089888
hshen14@illinois.edu
4.7368421052631575
wquan3@illinois.edu
0.39285714285714285
chenyu5@illinois.edu
0.5555555555555556
angiesc2@illinois.edu
0.35947712418300654
lm12@illinois.edu
0.7142857142857143
fgoyal2@illinois.edu
0.9734513274336283
kevinyz2@illinois.edu
0.6666666666666666
areza5@illinois.edu
2.727272727272727
romanov2@illinois.edu
5.625
akhilrj2@illinois.edu
0.3237410071942446
ashen6@illinois.edu
0.5769230769230769
aamado21@illinois.edu
0.7228915662650602
smantri2@illinois.edu
0.6766917293233082
tungmd2@illinois.edu
0.6870229007633588
skagawa2@illinois.edu
0.8264462809917356
djang21@illinois.edu
0.8
vghai2@illinois.edu
0.3107344632768362
ecasta9@illinois.edu
1.2903225806451613
zhamilto@illinois.edu
4.444444444444445
linhuix2@illinois.edu
0.7092198581560284
jacobrs4@illinois.edu
1.0465116279069768
jayhp2@illinois.edu
0.9473684210526315
zheli5@illinois.edu
0.12684989429175475
jiusili2@illinois.edu
1.0256410256410255
tianyum2@illinois.edu
1.4754098360655739
anshuls3@illinois.edu
1.25
afei3@illinois.edu
0.5494505494505495
mwangel2@illinois.edu
2.972972972972973
jbao8@illinois.edu
0.7874015748031497
mjong3@illinois.edu
5.625
houlih2@illinois.edu
1.2328767123287672
minocha2@illinois.edu
1.0588235294117647
ajaymt2@illinois.edu
2.5
dlg2@illinois.edu
0.7299270072992701
aschari2@illinois.edu
0.8737864077669902
meganw4@illinois.edu
0.3643724696356275
sputcha2@illinois.edu
3.2
gmokha2@illinois.edu
1.7647058823529411
mbafna2@illinois.edu
0.5732484076433121
cy21@illinois.edu
1.8181818181818181
arulvel2@illinois.edu
0.6870229007633588
mamn2@illinois.edu
0.990990990990991
ruining5@illinois.edu
9
lyuji2@illinois.edu
1.5068493150684932
jingzeh2@illinois.edu
0.3170731707317073
dpopat2@illinois.edu
6
zaitian3@illinois.edu
6.428571428571429
dmulye2@illinois.edu
4.285714285714286
junhaoz3@illinois.edu
1.794871794871795
bsutter2@illinois.edu
15
nprate2@illinois.edu
0.46875
aayalur3@illinois.edu
0.5851063829787234
kathy2@illinois.edu
0.3217821782178218
ebhamel2@illinois.edu
1.408450704225352
linz4@illinois.edu
0.8849557522123894
tcarver3@illinois.edu
0.547945205479452
nsharm40@illinois.edu
5.294117647058823
srf3@illinois.edu
0.17857142857142858
zheyu3@illinois.edu
2.4324324324324325
roneall2@illinois.edu
3.75
wolford4@illinois.edu
0
kevinkw3@illinois.edu
0.7575757575757576
ameyaps2@illinois.edu
0.3503184713375796
saquil2@illinois.edu
1.1538461538461537
enuken2@illinois.edu
1.5
changs5@illinois.edu
0.6369426751592356
dyliu3@illinois.edu
0.8256880733944955
jamesw7@illinois.edu
2.6666666666666665
chengyi3@illinois.edu
0.6741573033707865
lmou2@illinois.edu
3.4615384615384617
pola2@illinois.edu
0.46808510638297873
rbalaji3@illinois.edu
1.3114754098360655
haibog2@illinois.edu
0.4198473282442748
txwei2@illinois.edu
0
wensong2@illinois.edu
0.7258064516129032
myc2@illinois.edu
2.903225806451613
mg12@illinois.edu
2.903225806451613
diego2@illinois.edu
1.0465116279069768
yiyangl7@illinois.edu
0.43103448275862066
josephi4@illinois.edu
0.3973509933774834
jmoh3@illinois.edu
1.5254237288135593
ruishi4@illinois.edu
1.5789473684210527
tobyzl2@illinois.edu
2.5714285714285716
aryany2@illinois.edu
0.8275862068965517
jiaxiy2@illinois.edu
1.3461538461538463
adityak7@illinois.edu
0.8035714285714286
bj9@illinois.edu
0.2980132450331126
abahel2@illinois.edu
2.903225806451613
minhaoj2@illinois.edu
0.41509433962264153
dhruv3@illinois.edu
0.472636815920398
borzhko2@illinois.edu
0.7299270072992701
zizhanx2@illinois.edu
0.8264462809917356
yilins3@illinois.edu
3.6
provine2@illinois.edu
0.3003003003003003
ahmadid2@illinois.edu
2.6470588235294117
ldowell2@illinois.edu
0.8064516129032258
yuxi2@illinois.edu
0.5487804878048781
peterc3@illinois.edu
1.2
jdoo2@illinois.edu
1.3114754098360655
ajoerge2@illinois.edu
2.4324324324324325
yunfeim2@illinois.edu
3.103448275862069
kylegm3@illinois.edu
0.7627118644067796
yuranw3@illinois.edu
0.8035714285714286
yiqiz2@illinois.edu
0.31690140845070425
qlm2@illinois.edu
3.8095238095238093
medelis2@illinois.edu
0.45226130653266333
kushg2@illinois.edu
0.3254437869822485
mardyla3@illinois.edu
0.7258064516129032
gding3@illinois.edu
1.8181818181818181
ryanp4@illinois.edu
1
noa2@illinois.edu
4.5
jasonx3@illinois.edu
3.6
haoweis2@illinois.edu
4.7368421052631575
ravidp2@illinois.edu
0.5741626794258373
tylertw2@illinois.edu
0.6081081081081081
sohailk2@illinois.edu
0.625
rajees2@illinois.edu
0.2680965147453083
sghanta2@illinois.edu
0.9243697478991597
navyaas2@illinois.edu
0.9183673469387755
pinsky3@illinois.edu
0.8737864077669902
ttn4@illinois.edu
0.5960264900662252
rls7@illinois.edu
0.7236842105263158
tps7@illinois.edu
1.2328767123287672
andil2@illinois.edu
1.9148936170212767
omh2@illinois.edu
0.3629032258064516
tleung9@illinois.edu
2.8125
as43@illinois.edu
0.967741935483871
wjguo2@illinois.edu
1
jasonhu3@illinois.edu
3.125
sukritp2@illinois.edu
1.4754098360655739
tbaer2@illinois.edu
1.1111111111111112
sjayan3@illinois.edu
0.7627118644067796
ading6@illinois.edu
0.5882352941176471
vishnuc2@illinois.edu
1.0344827586206897
bbrasch2@illinois.edu
1.7307692307692308
navint2@illinois.edu
1.3333333333333333
sshin51@illinois.edu
0.7086614173228346
kaki2@illinois.edu
0.8035714285714286
bonianp2@illinois.edu
3.4615384615384617
yuxinw5@illinois.edu
0.6111111111111112
pfliu2@illinois.edu
0.8737864077669902
hwteng2@illinois.edu
1.139240506329114
yinmeng2@illinois.edu
0.44052863436123346
qc15@illinois.edu
0.6666666666666666
mvazqu57@illinois.edu
0.40752351097178685
emmayu2@illinois.edu
0.625
karanam3@illinois.edu
4.285714285714286
rto2@illinois.edu
1.0714285714285714
wentaoy3@illinois.edu
0.31746031746031744
johnkz2@illinois.edu
0.5855855855855856
isaiahd2@illinois.edu
1.0588235294117647
rosed2@illinois.edu
0.5
byhsieh2@illinois.edu
2.1951219512195124
mjchou2@illinois.edu
2.051282051282051
shaoxue2@illinois.edu
40
xingdal2@illinois.edu
1.4285714285714286
sabelle2@illinois.edu
1.4285714285714286
jiming2@illinois.edu
5.625
yiningl6@illinois.edu
0.6521739130434783
wra3@illinois.edu
3.75
zhleong2@illinois.edu
0.5172413793103449
blairtw2@illinois.edu
12.857142857142858
lengels2@illinois.edu
0.6896551724137931
chanmin2@illinois.edu
0.4225352112676056
tkaron2@illinois.edu
2.7777777777777777
ipsitap2@illinois.edu
1.0344827586206897
mbma3@illinois.edu
1.125
jaho2@illinois.edu
2.5714285714285716
yuwan4@illinois.edu
1.1009174311926606
zhicong4@illinois.edu
1.4814814814814814
wenhaoz2@illinois.edu
0.3819444444444444
ahchao3@illinois.edu
3.9130434782608696
dsauce5@illinois.edu
0.9574468085106383
evera5@illinois.edu
40
zl5@illinois.edu
0.26156941649899396
xw26@illinois.edu
0.46808510638297873
leoel2@illinois.edu
0.4
davidah3@illinois.edu
1.5384615384615385
nanyiry2@illinois.edu
0.7627118644067796
kevinz2@illinois.edu
0.3058103975535168
msli2@illinois.edu
2.6470588235294117
cechiu2@illinois.edu
0.5590062111801242
nikhilr5@illinois.edu
1.0843373493975903
jacobhb2@illinois.edu
1.1458333333333333
yutaroi2@illinois.edu
1
sdesai51@illinois.edu
1.6363636363636365
mmuthe2@illinois.edu
0.8771929824561403
jinghan8@illinois.edu
1.3432835820895523
grodri41@illinois.edu
0.5660377358490566
sennanc2@illinois.edu
2.903225806451613
mrprice3@illinois.edu
0.75
slim64@illinois.edu
0.38596491228070173
merritt9@illinois.edu
0.5882352941176471
majee2@illinois.edu
0.3488372093023256
vb10@illinois.edu
4.285714285714286
alizama2@illinois.edu
0.7865168539325843
jsopkin2@illinois.edu
0.25735294117647056
sharanr2@illinois.edu
0.5309734513274337
mgachi2@illinois.edu
0.5357142857142857
yundong2@illinois.edu
1
lyang58@illinois.edu
1.1666666666666667
zihanx3@illinois.edu
2.3076923076923075
wl13@illinois.edu
0.6896551724137931
tseng16@illinois.edu
1.8421052631578947
weiluo6@illinois.edu
1.139240506329114
sjwang3@illinois.edu
3.4615384615384617
jordyna3@illinois.edu
1.4754098360655739
cd13@illinois.edu
0.4975124378109453
seanmk2@illinois.edu
1.2195121951219512
hlwang3@illinois.edu
1.694915254237288
ccasti30@illinois.edu
0.8270676691729323
ckher2@illinois.edu
0.6060606060606061
jw39@illinois.edu
1.1111111111111112
cmaroju2@illinois.edu
1.9565217391304348
zshan2@illinois.edu
1.4516129032258065
pkim62@illinois.edu
2.903225806451613
jc27@illinois.edu
0.7547169811320755
sshah273@illinois.edu
0.4009433962264151
jmdrews2@illinois.edu
12.857142857142858
dingsen2@illinois.edu
0.7638888888888888
gekail2@illinois.edu
3
hlee301@illinois.edu
2.1951219512195124
hyosang2@illinois.edu
1.3432835820895523
atan27@illinois.edu
1.6981132075471699
jinyang6@illinois.edu
2.6470588235294117
nedurkin@illinois.edu
1.9047619047619047
akarshv2@illinois.edu
1
alexfy2@illinois.edu
1.4285714285714286
savitab2@illinois.edu
2.25
blr3@illinois.edu
0.7258064516129032
azizs2@illinois.edu
1.1688311688311688
calani5@illinois.edu
0.2922077922077922
nitishn2@illinois.edu
0.75
bm12@illinois.edu
0.2158273381294964
am31@illinois.edu
0.5851063829787234
salqad3@illinois.edu
1.40625
ssashi2@illinois.edu
0.35294117647058826
wasayms2@illinois.edu
0
shuweih2@illinois.edu
0.9302325581395349
nhadi3@illinois.edu
0.989010989010989
hanw5@illinois.edu
1.1842105263157894
vsekhar2@illinois.edu
0.5232558139534884
qianfan2@illinois.edu
1.3043478260869565
kz8@illinois.edu
0.9090909090909091
esotos3@illinois.edu
0.3202846975088968
kappala2@illinois.edu
0.8333333333333334
yifan12@illinois.edu
1.6666666666666667
ntsmith2@illinois.edu
0.4147465437788018
gjung10@illinois.edu
1.3846153846153846
akashk2@illinois.edu
0.5389221556886228
isanaka2@illinois.edu
1
ali50@illinois.edu
5.294117647058823
rdembi2@illinois.edu
0.20454545454545456
gyorda2@illinois.edu
0
imaki2@illinois.edu
0.5524861878453039
ccyuan2@illinois.edu
1.0344827586206897
bva2@illinois.edu
1.0227272727272727
avt3@illinois.edu
2.6315789473684212
nks5@illinois.edu
1.6363636363636365
hanzhiy2@illinois.edu
1.836734693877551
bowenc4@illinois.edu
0.7258064516129032
bhardin3@illinois.edu
0.4147465437788018
zanh2@illinois.edu
0.4
grantc2@illinois.edu
0.5343511450381679
anooph2@illinois.edu
0.6535947712418301
zuoheng2@illinois.edu
0.8737864077669902
imdesai2@illinois.edu
1.1702127659574468
jiangge2@illinois.edu
3.103448275862069
mianli2@illinois.edu
0.18181818181818182
jzhu74@illinois.edu
0.6666666666666666
zeyu2@illinois.edu
0.875
yichen11@illinois.edu
1.4285714285714286
kpate325@illinois.edu
0.5622489959839357
annaz2@illinois.edu
1.0126582278481013
smarakp2@illinois.edu
1.4516129032258065
arunks2@illinois.edu
0.44715447154471544
asadik3@illinois.edu
1.0227272727272727
dlim31@illinois.edu
2.903225806451613
siyuanw5@illinois.edu
0.6896551724137931
piracha2@illinois.edu
0.391304347826087
ydhoot2@illinois.edu
0.47619047619047616
jqschmi2@illinois.edu
0.8256880733944955
laurenh4@illinois.edu
2.2916666666666665
dmb5@illinois.edu
0.2702702702702703
hozone2@illinois.edu
4.444444444444445
jfricks2@illinois.edu
0.4411764705882353
sk37@illinois.edu
1.9148936170212767
haofeix2@illinois.edu
1.0112359550561798
nehals2@illinois.edu
0.24793388429752067
ajayn2@illinois.edu
0.4147465437788018
anarain4@illinois.edu
0.625
spate440@illinois.edu
2.3076923076923075
pmw2@illinois.edu
0.5
wentaol2@illinois.edu
0.25210084033613445
zhou109@illinois.edu
0.44715447154471544
medhap3@illinois.edu
3.103448275862069
rthakk20@illinois.edu
1.2162162162162162
sauda2@illinois.edu
1.4516129032258065
leahjm2@illinois.edu
0.410958904109589
bbhatia2@illinois.edu
0.782608695652174
sdhage2@illinois.edu
0.9090909090909091
stevenl5@illinois.edu
0
aeswara2@illinois.edu
0
tdkim3@illinois.edu
0.16901408450704225
xisheng3@illinois.edu
1.1111111111111112
wnawor2@illinois.edu
1.7857142857142858
natasha5@illinois.edu
4.7368421052631575
stacymz2@illinois.edu
0.36885245901639346
vsomani3@illinois.edu
1.7073170731707317
yp9@illinois.edu
0.7518796992481203
avarnaj@illinois.edu
1
aryaman5@illinois.edu
0.5172413793103449
zl42@illinois.edu
0.8653846153846154
jhson2@illinois.edu
0.4484304932735426
akhilsb2@illinois.edu
0.8108108108108109
yulins2@illinois.edu
0.07194244604316546
longjil2@illinois.edu
1.1688311688311688
qfang4@illinois.edu
0.7258064516129032
sixianl2@illinois.edu
0.7633587786259542
dayuyao2@illinois.edu
0.5325443786982249
colegp2@illinois.edu
2
davidx2@illinois.edu
0.625
mkozia4@illinois.edu
2.4324324324324325
esu3@illinois.edu
0.8695652173913043
rishiw2@illinois.edu
2.3076923076923075
colbyyh2@illinois.edu
0.9900990099009901
hristov3@illinois.edu
0.7913669064748201
cl37@illinois.edu
0.743801652892562
jasneet2@illinois.edu
0.4669260700389105
ctm6@illinois.edu
0.430622009569378
ttumba2@illinois.edu
2.6470588235294117
qm4@illinois.edu
0.7746478873239436
lrendo3@illinois.edu
2.142857142857143
thr2@illinois.edu
0.989010989010989
ayu24@illinois.edu
3.75
payalda2@illinois.edu
0.7086614173228346
rosak2@illinois.edu
0.17786561264822134
justint4@illinois.edu
1.0416666666666667
gaf3@illinois.edu
0.316622691292876
weikeng2@illinois.edu
0.7758620689655172
evelynk2@illinois.edu
5
jsheng6@illinois.edu
5
seanws2@illinois.edu
0.782608695652174
vivekb2@illinois.edu
0.738255033557047
apate402@illinois.edu
1.3432835820895523
wwoo6@illinois.edu
1.0227272727272727
fmahmed2@illinois.edu
0.39823008849557523
weishen4@illinois.edu
8.181818181818182
mwong45@illinois.edu
0.48951048951048953
sw20@illinois.edu
0.5660377358490566
sl59@illinois.edu
1.6666666666666667
aqin2@illinois.edu
1.2857142857142858
reschke3@illinois.edu
1.3235294117647058
peiyic2@illinois.edu
8.181818181818182
bfurman2@illinois.edu
3.4615384615384617
jakobsa2@illinois.edu
2.5925925925925926
lu69@illinois.edu
1.1494252873563218
apark63@illinois.edu
1.1428571428571428
jfranke3@illinois.edu
16
mgchen3@illinois.edu
0.9333333333333333
mthatt2@illinois.edu
1.2162162162162162
cjrosas2@illinois.edu
11.25
esofov2@illinois.edu
0.35
trishul2@illinois.edu
12.857142857142858
sgao24@illinois.edu
1.0112359550561798
ajchung3@illinois.edu
0.4945054945054945
lc11@illinois.edu
1.2857142857142858
acasta28@illinois.edu
1.1864406779661016
iang2@illinois.edu
1.1666666666666667
ddahiya3@illinois.edu
0.4433497536945813
saumyaa2@illinois.edu
1.4285714285714286
yuy4@illinois.edu
5.294117647058823
dhruvvp2@illinois.edu
1.702127659574468
lf4@illinois.edu
0
rubends2@illinois.edu
0.7216494845360825
noquen2@illinois.edu
0
hsharma2@illinois.edu
3.3333333333333335
ychan43@illinois.edu
8.181818181818182
xjh2@illinois.edu
4.090909090909091
taeingu2@illinois.edu
15
runqixu2@illinois.edu
2.8125
alishar2@illinois.edu
0.42424242424242425
by7@illinois.edu
2.903225806451613
jinfanh2@illinois.edu
1.5
neelima2@illinois.edu
1.4285714285714286
tolomeo3@illinois.edu
0.7964601769911505
harshaa2@illinois.edu
15
ymui4@illinois.edu
1.7307692307692308
aflawal2@illinois.edu
2.0454545454545454
nikitaa4@illinois.edu
6
nithinr2@illinois.edu
0.9523809523809523
jamesn2@illinois.edu
0.3488372093023256
anewma9@illinois.edu
0.5691056910569106
wsiddi6@illinois.edu
4.285714285714286
ericm4@illinois.edu
1.0975609756097562
emmas6@illinois.edu
0.7017543859649122
jasonav3@illinois.edu
11.666666666666666
jacobcj2@illinois.edu
10
kwok10@illinois.edu
8.88888888888889
